<?xml version="1.0" encoding="UTF-8"?>
<!-- Generated by org.testng.reporters.JUnitXMLReporter -->
<testsuite ignored="1" hostname="LAPTOP-PCGOF472" failures="0" tests="1" name="Default test" time="16.178" errors="0" timestamp="2024-05-12T16:10:59 IST">
  <testcase classname="com.ecom.seleniumPractice.Practice_2" name="TableOperation" time="11.142"/>
  <testcase classname="com.ecom.seleniumPractice.Practice_2" name="ExcelWrite" time="0.0">
    <ignored/>
  </testcase> <!-- ExcelWrite -->
</testsuite> <!-- Default test -->
