<?xml version="1.0" encoding="UTF-8"?>
<!-- Generated by org.testng.reporters.JUnitXMLReporter -->
<testsuite ignored="0" hostname="LAPTOP-PCGOF472" failures="1" tests="1" name="loginTest" time="1.404" errors="0" timestamp="2024-05-12T01:27:33 IST">
  <testcase classname="com.ecom.testCases.TC_LogintTest_001" name="loginTest" time="0.007">
    <failure type="java.lang.NullPointerException" message="Cannot invoke &amp;quot;org.openqa.selenium.WebDriver.get(String)&amp;quot; because &amp;quot;com.ecom.testCases.TC_LogintTest_001.driver&amp;quot; is null">
      <![CDATA[java.lang.NullPointerException: Cannot invoke "org.openqa.selenium.WebDriver.get(String)" because "com.ecom.testCases.TC_LogintTest_001.driver" is null
at com.ecom.testCases.TC_LogintTest_001.loginTest(TC_LogintTest_001.java:21)
at java.base/java.util.ArrayList.forEach(ArrayList.java:1511)
at java.base/java.util.concurrent.FutureTask.run(FutureTask.java:264)
at java.base/java.util.concurrent.ThreadPoolExecutor.runWorker(ThreadPoolExecutor.java:1136)
at java.base/java.util.concurrent.ThreadPoolExecutor$Worker.run(ThreadPoolExecutor.java:635)
at java.base/java.lang.Thread.run(Thread.java:833)
... Removed 16 stack frames]]>
    </failure>
  </testcase> <!-- loginTest -->
</testsuite> <!-- loginTest -->
