<?xml version="1.0" encoding="UTF-8"?>
<testng-results ignored="1" total="2" passed="1" failed="0" skipped="0">
  <reporter-output>
  </reporter-output>
  <suite started-at="2024-05-12T16:10:43 IST" name="Default suite" finished-at="2024-05-12T16:10:59 IST" duration-ms="16178">
    <groups>
    </groups>
    <test started-at="2024-05-12T16:10:43 IST" name="Default test" finished-at="2024-05-12T16:10:59 IST" duration-ms="16178">
      <class name="com.ecom.seleniumPractice.Practice_2">
        <test-method is-config="true" signature="setUp()[pri:0, instance:com.ecom.seleniumPractice.Practice_2@40a4337a]" started-at="2024-05-12T16:10:43 IST" name="setUp" finished-at="2024-05-12T16:10:48 IST" duration-ms="4985" status="PASS">
          <reporter-output>
          </reporter-output>
        </test-method> <!-- setUp -->
        <test-method signature="TableOperation()[pri:0, instance:com.ecom.seleniumPractice.Practice_2@40a4337a]" started-at="2024-05-12T16:10:48 IST" name="TableOperation" finished-at="2024-05-12T16:10:59 IST" duration-ms="11142" status="PASS">
          <reporter-output>
          </reporter-output>
        </test-method> <!-- TableOperation -->
        <test-method is-config="true" signature="AfterMethod()[pri:0, instance:com.ecom.seleniumPractice.Practice_2@40a4337a]" started-at="2024-05-12T16:10:59 IST" name="AfterMethod" finished-at="2024-05-12T16:10:59 IST" duration-ms="1" status="PASS">
          <reporter-output>
          </reporter-output>
        </test-method> <!-- AfterMethod -->
      </class> <!-- com.ecom.seleniumPractice.Practice_2 -->
    </test> <!-- Default test -->
  </suite> <!-- Default suite -->
</testng-results>
